[2015-12-05T17:20:21.824+0200] [] [INFO] [NCLS-GFLAUNCHER-00005] [javax.enterprise.launcher] [tid: _ThreadID=1 _ThreadName=main] [timeMillis: 1449328821824] [levelValue: 800] [[
  JVM invocation command line:
C:\Program Files\Java\jdk1.8.0_65\bin\java.exe
-cp
D:/Programing/payara41/glassfish/modules/glassfish.jar
-XX:+UnlockDiagnosticVMOptions
-XX:NewRatio=2
-XX:MaxPermSize=192m
-Xmx512m
-client
-javaagent:D:/Programing/payara41/glassfish/lib/monitor/flashlight-agent.jar
-Djavax.xml.accessExternalSchema=all
-Djavax.net.ssl.trustStore=D:\Programing\payara41\glassfish\domains\domain1/config/cacerts.jks
-Djdk.tls.rejectClientInitiatedRenegotiation=true
-Djdk.corba.allowOutputStreamSubclass=true
-Dfelix.fileinstall.dir=D:\Programing\payara41\glassfish/modules/autostart/
-Dorg.glassfish.additionalOSGiBundlesToStart=org.apache.felix.shell,org.apache.felix.gogo.runtime,org.apache.felix.gogo.shell,org.apache.felix.gogo.command,org.apache.felix.shell.remote,org.apache.felix.fileinstall
-Dcom.sun.aas.installRoot=D:\Programing\payara41\glassfish
-Dfelix.fileinstall.poll=5000
-Djava.endorsed.dirs=D:\Programing\payara41\glassfish/modules/endorsed;D:\Programing\payara41\glassfish/lib/endorsed
-Djava.security.policy=D:\Programing\payara41\glassfish\domains\domain1/config/server.policy
-Dosgi.shell.telnet.maxconn=1
-Dfelix.fileinstall.bundles.startTransient=true
-Dcom.sun.enterprise.config.config_environment_factory_class=com.sun.enterprise.config.serverbeans.AppserverConfigEnvironmentFactory
-Dfelix.fileinstall.log.level=2
-Djavax.net.ssl.keyStore=D:\Programing\payara41\glassfish\domains\domain1/config/keystore.jks
-Djava.security.auth.login.config=D:\Programing\payara41\glassfish\domains\domain1/config/login.conf
-Dfelix.fileinstall.disableConfigSave=false
-Dfelix.fileinstall.bundles.new.start=true
-Dcom.sun.aas.instanceRoot=D:\Programing\payara41\glassfish\domains\domain1
-Dosgi.shell.telnet.port=6666
-Dgosh.args=--nointeractive
-Dcom.sun.enterprise.security.httpsOutboundKeyAlias=s1as
-Dorg.jboss.weld.serialization.beanIdentifierIndexOptimization=false
-Dosgi.shell.telnet.ip=127.0.0.1
-DANTLR_USE_DIRECT_CLASS_LOADING=true
-Djava.awt.headless=true
-Dcom.ctc.wstx.returnNullForDefaultNamespace=true
-Djava.ext.dirs=C:\Program Files\Java\jdk1.8.0_65/lib/ext;C:\Program Files\Java\jdk1.8.0_65/jre/lib/ext;D:\Programing\payara41\glassfish\domains\domain1/lib/ext
-Djdbc.drivers=org.apache.derby.jdbc.ClientDriver
-Djava.library.path=D:/Programing/payara41/glassfish/lib;C:/ProgramData/Oracle/Java/javapath;C:/Windows/Sun/Java/bin;C:/Windows/System32;C:/Windows;C:/Windows/System32/wbem;C:/Windows/System32/WindowsPowerShell/v1.0;C:/Program Files (x86)/Skype/Phone;C:/Program Files (x86)/MySQL/MySQL Fabric 1.5 & MySQL Utilities 1.5;C:/Program Files (x86)/MySQL/MySQL Fabric 1.5 & MySQL Utilities 1.5/Doctrine extensions for PHP;C:/Program Files/Java/jdk1.8.0_65/bin;D:/Programing/payara41/glassfish/bin
com.sun.enterprise.glassfish.bootstrap.ASMain
-upgrade
false
-domaindir
D:/Programing/payara41/glassfish/domains/domain1
-read-stdin
true
-asadmin-args
--host,,,localhost,,,--port,,,4848,,,--secure=false,,,--terse=false,,,--echo=false,,,--interactive=true,,,start-domain,,,--verbose=true,,,--watchdog=false,,,--debug=false,,,--domaindir,,,D:\Programing\payara41\glassfish\domains,,,domain1
-domainname
domain1
-instancename
server
-type
DAS
-verbose
true
-asadmin-classpath
D:/Programing/payara41/glassfish/modules/admin-cli.jar
-debug
false
-asadmin-classname
com.sun.enterprise.admin.cli.AdminMain]]

